<?xml version="1.0" encoding="UTF-8"?>
<!-- Generated by org.testng.reporters.JUnitXMLReporter -->
<testsuite hostname="ATMECSBLRLT-016" ignored="0" tests="1" failures="1" timestamp="2020-09-19T22:07:08 IST" time="0.076" errors="0">
  <testcase name="@AfterMethod exit" time="0.001" classname="SecondProgram">
    <failure type="java.lang.NullPointerException">
      <![CDATA[java.lang.NullPointerException
at SecondProgram.exit(SecondProgram.java:41)
at java.util.ArrayList.forEach(Unknown Source)
... Removed 32 stack frames]]>
    </failure>
  </testcase> <!-- @AfterMethod exit -->
  <testcase name="@AfterClass afterClass" time="-1.600533428741E9" classname="SecondProgram">
    <skipped/>
  </testcase> <!-- @AfterClass afterClass -->
  <testcase name="google" time="0.004" classname="SecondProgram">
    <failure type="java.lang.Error" message="Unresolved compilation problems: 
	The method sendKeys(String) is undefined for the type Object
	The method timeouts() is undefined for the type Object
	The method click() is undefined for the type Object
">
      <![CDATA[java.lang.Error: Unresolved compilation problems: 
The method sendKeys(String) is undefined for the type Object
The method timeouts() is undefined for the type Object
The method click() is undefined for the type Object

at SecondProgram.google(SecondProgram.java:32)
at java.util.ArrayList.forEach(Unknown Source)
... Removed 27 stack frames]]>
    </failure>
  </testcase> <!-- google -->
</testsuite>
